[debug] ----------------------------------------------------------------------
[debug] Command:      /usr/local/bin/node /usr/local/bin/firebase deploy
[debug] CLI Version:  3.0.8
[debug] Platform:     darwin
[debug] Node Version: v6.6.0
[debug] Time:         Fri Oct 28 2016 13:04:00 GMT+0200 (CEST)
[debug] ----------------------------------------------------------------------
[debug] 
[debug] > command requires scopes: ["email","openid","https://www.googleapis.com/auth/cloudplatformprojects.readonly","https://www.googleapis.com/auth/firebase"]
[debug] >>> HTTP REQUEST GET https://admin.firebase.com/v1/projects/job-for-test 
[debug] <<< HTTP RESPONSE 200
[debug] >>> HTTP REQUEST GET https://admin.firebase.com/v1/database/job-for-test/tokens 
[debug] <<< HTTP RESPONSE 200
[info] 
[info] === Deploying to 'job-for-test'...
[info] 
[info] i  deploying hosting
[info] ✔  database: rules ready to deploy.
[info] i  hosting: preparing ./ directory for upload...
[debug] >>> HTTP REQUEST PUT https://deploy.firebase.com/v1/hosting/job-for-test/uploads/-KV9xWx-Eke7QXC8nD5S?fileCount=85&message= 
[debug] Error: write EPIPE
    at exports._errnoException (util.js:1036:11)
    at WriteWrap.afterWrite (net.js:794:14)
[error] 
[error] Error: Server Error. write EPIPE
